==165== Memcheck, a memory error detector
==165== Copyright (C) 2002-2017, and GNU GPL'd, by Julian Seward et al.
==165== Using Valgrind-3.18.1-42b08ed5bd-20211015 and LibVEX; rerun with -h for copyright info
==165== Command: ./leveldbtest
==165== Parent PID: 16
==165== 
--165-- 
--165-- Valgrind options:
--165--    --malloc-fill=98
--165--    --free-fill=97
--165--    --leak-check=full
--165--    --show-leak-kinds=all
--165--    --track-origins=yes
--165--    --verbose
--165--    --log-file=valgrind.log
--165-- Contents of /proc/version:
--165--   Linux version 5.10.16-microsoft-standard-WSL2-rebuild-by-minedec (root@DESKTOP-0ESVF5B) (gcc (Ubuntu 11.3.0-1ubuntu1~22.04) 11.3.0, GNU ld (GNU Binutils for Ubuntu) 2.38) #7 SMP Wed Apr 5 20:11:11 CST 2023
--165-- 
--165-- Arch and hwcaps: AMD64, LittleEndian, amd64-cx16-lzcnt-rdtscp-sse3-ssse3-avx-avx2-bmi-f16c-rdrand-rdseed
--165-- Page sizes: currently 4096, max supported 4096
--165-- Valgrind library directory: /usr/libexec/valgrind
--165-- Reading syms from /home/minedec/myleveldb/leveldbtest
--165-- Reading syms from /usr/lib/x86_64-linux-gnu/ld-linux-x86-64.so.2
--165--   Considering /usr/lib/debug/.build-id/61/ef896a699bb1c2e4e231642b2e1688b2f1a61e.debug ..
--165--   .. build-id is valid
--165-- Reading syms from /usr/libexec/valgrind/memcheck-amd64-linux
--165--    object doesn't have a symbol table
--165--    object doesn't have a dynamic symbol table
--165-- Scheduler: using generic scheduler lock implementation.
--165-- Reading suppressions file: /usr/libexec/valgrind/default.supp
==165== embedded gdbserver: reading from /tmp/vgdb-pipe-from-vgdb-to-165-by-minedec-on-???
==165== embedded gdbserver: writing to   /tmp/vgdb-pipe-to-vgdb-from-165-by-minedec-on-???
==165== embedded gdbserver: shared mem   /tmp/vgdb-pipe-shared-mem-vgdb-165-by-minedec-on-???
==165== 
==165== TO CONTROL THIS PROCESS USING vgdb (which you probably
==165== don't want to do, unless you know exactly what you're doing,
==165== or are doing some strange experiment):
==165==   /usr/bin/vgdb --pid=165 ...command...
==165== 
==165== TO DEBUG THIS PROCESS USING GDB: start GDB like this
==165==   /path/to/gdb ./leveldbtest
==165== and then give GDB the following command
==165==   target remote | /usr/bin/vgdb --pid=165
==165== --pid is optional if only one valgrind process is running
==165== 
--165-- REDIR: 0x402aa60 (ld-linux-x86-64.so.2:strlen) redirected to 0x580bcec2 (???)
--165-- REDIR: 0x402a830 (ld-linux-x86-64.so.2:index) redirected to 0x580bcedc (???)
--165-- Reading syms from /usr/libexec/valgrind/vgpreload_core-amd64-linux.so
--165--    object doesn't have a symbol table
--165-- Reading syms from /usr/libexec/valgrind/vgpreload_memcheck-amd64-linux.so
--165--    object doesn't have a symbol table
==165== WARNING: new redirection conflicts with existing -- ignoring it
--165--     old: 0x0402aa60 (strlen              ) R-> (0000.0) 0x580bcec2 ???
--165--     new: 0x0402aa60 (strlen              ) R-> (2007.0) 0x0484ee30 strlen
--165-- REDIR: 0x4027240 (ld-linux-x86-64.so.2:strcmp) redirected to 0x484fcd0 (strcmp)
--165-- REDIR: 0x402afc0 (ld-linux-x86-64.so.2:mempcpy) redirected to 0x4853840 (mempcpy)
--165-- Reading syms from /usr/lib/x86_64-linux-gnu/libnuma.so.1.0.0
--165--    object doesn't have a symbol table
--165-- Reading syms from /usr/lib/x86_64-linux-gnu/libstdc++.so.6.0.30
--165--    object doesn't have a symbol table
--165-- Reading syms from /usr/lib/x86_64-linux-gnu/libgcc_s.so.1
--165--    object doesn't have a symbol table
--165-- Reading syms from /usr/lib/x86_64-linux-gnu/libc.so.6
--165--   Considering /usr/lib/debug/.build-id/69/389d485a9793dbe873f0ea2c93e02efaa9aa3d.debug ..
--165--   .. build-id is valid
==165== WARNING: new redirection conflicts with existing -- ignoring it
--165--     old: 0x04b61ce0 (memalign            ) R-> (1011.0) 0x0484e080 memalign
--165--     new: 0x04b61ce0 (memalign            ) R-> (1017.0) 0x0484e050 aligned_alloc
==165== WARNING: new redirection conflicts with existing -- ignoring it
--165--     old: 0x04b61ce0 (memalign            ) R-> (1011.0) 0x0484e080 memalign
--165--     new: 0x04b61ce0 (memalign            ) R-> (1017.0) 0x0484e020 aligned_alloc
==165== WARNING: new redirection conflicts with existing -- ignoring it
--165--     old: 0x04b61ce0 (memalign            ) R-> (1011.0) 0x0484e080 memalign
--165--     new: 0x04b61ce0 (memalign            ) R-> (1017.0) 0x0484e050 aligned_alloc
==165== WARNING: new redirection conflicts with existing -- ignoring it
--165--     old: 0x04b61ce0 (memalign            ) R-> (1011.0) 0x0484e080 memalign
--165--     new: 0x04b61ce0 (memalign            ) R-> (1017.0) 0x0484e020 aligned_alloc
--165-- Reading syms from /usr/lib/x86_64-linux-gnu/libm.so.6
--165--   Considering /usr/lib/debug/.build-id/27/e82301dba6c3f644404d504e1bb1c97894b433.debug ..
--165--   .. build-id is valid
--165-- REDIR: 0x4b647a0 (libc.so.6:strnlen) redirected to 0x483f220 (_vgnU_ifunc_wrapper)
--165-- REDIR: 0x4b64a60 (libc.so.6:strpbrk) redirected to 0x483f220 (_vgnU_ifunc_wrapper)
--165-- REDIR: 0x4b64360 (libc.so.6:strcmp) redirected to 0x483f220 (_vgnU_ifunc_wrapper)
--165-- REDIR: 0x4b82d50 (libc.so.6:wcsnlen) redirected to 0x483f220 (_vgnU_ifunc_wrapper)
--165-- REDIR: 0x4b65750 (libc.so.6:memset) redirected to 0x483f220 (_vgnU_ifunc_wrapper)
--165-- REDIR: 0x4b815c0 (libc.so.6:wcslen) redirected to 0x483f220 (_vgnU_ifunc_wrapper)
--165-- REDIR: 0x4b65c90 (libc.so.6:memcpy@@GLIBC_2.14) redirected to 0x483f220 (_vgnU_ifunc_wrapper)
--165-- REDIR: 0x4b813f0 (libc.so.6:wcschr) redirected to 0x483f220 (_vgnU_ifunc_wrapper)
--165-- REDIR: 0x4b642e0 (libc.so.6:index) redirected to 0x483f220 (_vgnU_ifunc_wrapper)
--165-- REDIR: 0x4b649e0 (libc.so.6:rindex) redirected to 0x483f220 (_vgnU_ifunc_wrapper)
--165-- REDIR: 0x4b65620 (libc.so.6:memmove) redirected to 0x483f220 (_vgnU_ifunc_wrapper)
==165== Preferring higher priority redirection:
--165--     old: 0x04c5c940 (__memcpy_avx_unalign) R-> (2018.0) 0x04850f90 __memcpy_avx_unaligned_erms
--165--     new: 0x04c5c940 (__memcpy_avx_unalign) R-> (2018.1) 0x04852880 memmove
--165-- REDIR: 0x4b81470 (libc.so.6:wcscmp) redirected to 0x483f220 (_vgnU_ifunc_wrapper)
--165-- REDIR: 0x4b65a60 (libc.so.6:stpncpy) redirected to 0x483f220 (_vgnU_ifunc_wrapper)
--165-- REDIR: 0x4b81a30 (libc.so.6:wmemchr) redirected to 0x483f220 (_vgnU_ifunc_wrapper)
--165-- REDIR: 0x4b648b0 (libc.so.6:strncmp) redirected to 0x483f220 (_vgnU_ifunc_wrapper)
--165-- REDIR: 0x4b65af0 (libc.so.6:strcasecmp) redirected to 0x483f220 (_vgnU_ifunc_wrapper)
--165-- REDIR: 0x4b644a0 (libc.so.6:strcspn) redirected to 0x483f220 (_vgnU_ifunc_wrapper)
--165-- REDIR: 0x4b814f0 (libc.so.6:wcscpy) redirected to 0x483f220 (_vgnU_ifunc_wrapper)
--165-- REDIR: 0x4b64250 (libc.so.6:strcat) redirected to 0x483f220 (_vgnU_ifunc_wrapper)
--165-- REDIR: 0x4b65be0 (libc.so.6:strncasecmp_l) redirected to 0x483f220 (_vgnU_ifunc_wrapper)
--165-- REDIR: 0x4b65500 (libc.so.6:bcmp) redirected to 0x483f220 (_vgnU_ifunc_wrapper)
--165-- REDIR: 0x4b6d5f0 (libc.so.6:memrchr) redirected to 0x483f220 (_vgnU_ifunc_wrapper)
--165-- REDIR: 0x4b67090 (libc.so.6:strchrnul) redirected to 0x483f220 (_vgnU_ifunc_wrapper)
--165-- REDIR: 0x4b64410 (libc.so.6:strcpy) redirected to 0x483f220 (_vgnU_ifunc_wrapper)
--165-- REDIR: 0x4b65b90 (libc.so.6:strcasecmp_l) redirected to 0x483f220 (_vgnU_ifunc_wrapper)
--165-- REDIR: 0x4b64720 (libc.so.6:strlen) redirected to 0x483f220 (_vgnU_ifunc_wrapper)
--165-- REDIR: 0x4b64950 (libc.so.6:strncpy) redirected to 0x483f220 (_vgnU_ifunc_wrapper)
--165-- REDIR: 0x4b659d0 (libc.so.6:stpcpy) redirected to 0x483f220 (_vgnU_ifunc_wrapper)
--165-- REDIR: 0x4b65470 (libc.so.6:memchr) redirected to 0x483f220 (_vgnU_ifunc_wrapper)
--165-- REDIR: 0x4b64b80 (libc.so.6:strspn) redirected to 0x483f220 (_vgnU_ifunc_wrapper)
--165-- REDIR: 0x4b65850 (libc.so.6:mempcpy) redirected to 0x483f220 (_vgnU_ifunc_wrapper)
--165-- REDIR: 0x4b65b40 (libc.so.6:strncasecmp) redirected to 0x483f220 (_vgnU_ifunc_wrapper)
--165-- REDIR: 0x4b67000 (libc.so.6:rawmemchr) redirected to 0x483f220 (_vgnU_ifunc_wrapper)
--165-- REDIR: 0x4c59790 (libc.so.6:__strrchr_avx2) redirected to 0x484e810 (rindex)
--165-- REDIR: 0x4b61120 (libc.so.6:malloc) redirected to 0x4848820 (malloc)
--165-- REDIR: 0x4b65040 (libc.so.6:__GI_strstr) redirected to 0x4853ae0 (__strstr_sse2)
--165-- REDIR: 0x4c55440 (libc.so.6:__memchr_avx2) redirected to 0x484fd50 (memchr)
--165-- REDIR: 0x4c5c940 (libc.so.6:__memcpy_avx_unaligned_erms) redirected to 0x4852880 (memmove)
--165-- REDIR: 0x4c54f00 (libc.so.6:__strncmp_avx2) redirected to 0x484f3e0 (strncmp)
--165-- REDIR: 0x4c59960 (libc.so.6:__strlen_avx2) redirected to 0x484ed10 (strlen)
--165-- REDIR: 0x4b61460 (libc.so.6:free) redirected to 0x484b210 (free)
--165-- REDIR: 0x4b625a0 (libc.so.6:calloc) redirected to 0x484d9d0 (calloc)
--165-- REDIR: 0x4c55c00 (libc.so.6:__memcmp_avx2_movbe) redirected to 0x4852010 (bcmp)
--165-- REDIR: 0x4c54ac0 (libc.so.6:__strcmp_avx2) redirected to 0x484fbd0 (strcmp)
--165-- REDIR: 0x49209b0 (libstdc++.so.6:operator new(unsigned long)) redirected to 0x4848fa0 (operator new(unsigned long))
--165-- REDIR: 0x491ec50 (libstdc++.so.6:operator delete(void*)) redirected to 0x484b840 (operator delete(void*))
--165-- REDIR: 0x4b617c0 (libc.so.6:realloc) redirected to 0x484dc50 (realloc)
--165-- REDIR: 0x4c5bb20 (libc.so.6:__stpcpy_avx2) redirected to 0x4852130 (stpcpy)
--165-- REDIR: 0x4c5c900 (libc.so.6:__mempcpy_avx_unaligned_erms) redirected to 0x4853440 (mempcpy)
--165-- REDIR: 0x4920a10 (libstdc++.so.6:operator new[](unsigned long)) redirected to 0x484a280 (operator new[](unsigned long))
--165-- REDIR: 0x491ec80 (libstdc++.so.6:operator delete[](void*)) redirected to 0x484ca20 (operator delete[](void*))
--165-- REDIR: 0x4c5d100 (libc.so.6:__memset_avx2_unaligned_erms) redirected to 0x4852770 (memset)
--165-- REDIR: 0x4c59580 (libc.so.6:__strchrnul_avx2) redirected to 0x4853330 (strchrnul)
--165-- REDIR: 0x4c55710 (libc.so.6:__rawmemchr_avx2) redirected to 0x4853360 (rawmemchr)
==165== Thread 2:
==165== Conditional jump or move depends on uninitialised value(s)
==165==    at 0x4B53F83: pthread_mutex_lock@@GLIBC_2.2.5 (pthread_mutex_lock.c:84)
==165==    by 0x13E0D4: leveldb::ThreadPool::MainFunction(void*) (in /home/minedec/myleveldb/leveldbtest)
==165==    by 0x4B50B42: start_thread (pthread_create.c:442)
==165==    by 0x4BE1BB3: clone (clone.S:100)
==165==  Uninitialised value was created by a heap allocation
==165==    at 0x4849013: operator new(unsigned long) (in /usr/libexec/valgrind/vgpreload_memcheck-amd64-linux.so)
==165==    by 0x118A1B: leveldb::DB::Open(leveldb::Options const&, std::__cxx11::basic_string<char, std::char_traits<char>, std::allocator<char> > const&, leveldb::DB**) (in /home/minedec/myleveldb/leveldbtest)
==165==    by 0x10F455: main (leveldb_test.cpp:14)
==165== 
==165== Conditional jump or move depends on uninitialised value(s)
==165==    at 0x4B5385C: __pthread_mutex_lock_full (pthread_mutex_lock.c:186)
==165==    by 0x13E0D4: leveldb::ThreadPool::MainFunction(void*) (in /home/minedec/myleveldb/leveldbtest)
==165==    by 0x4B50B42: start_thread (pthread_create.c:442)
==165==    by 0x4BE1BB3: clone (clone.S:100)
==165==  Uninitialised value was created by a heap allocation
==165==    at 0x4849013: operator new(unsigned long) (in /usr/libexec/valgrind/vgpreload_memcheck-amd64-linux.so)
==165==    by 0x118A1B: leveldb::DB::Open(leveldb::Options const&, std::__cxx11::basic_string<char, std::char_traits<char>, std::allocator<char> > const&, leveldb::DB**) (in /home/minedec/myleveldb/leveldbtest)
==165==    by 0x10F455: main (leveldb_test.cpp:14)
==165== 
==165== Conditional jump or move depends on uninitialised value(s)
==165==    at 0x4B53865: __pthread_mutex_lock_full (pthread_mutex_lock.c:186)
==165==    by 0x13E0D4: leveldb::ThreadPool::MainFunction(void*) (in /home/minedec/myleveldb/leveldbtest)
==165==    by 0x4B50B42: start_thread (pthread_create.c:442)
==165==    by 0x4BE1BB3: clone (clone.S:100)
==165==  Uninitialised value was created by a heap allocation
==165==    at 0x4849013: operator new(unsigned long) (in /usr/libexec/valgrind/vgpreload_memcheck-amd64-linux.so)
==165==    by 0x118A1B: leveldb::DB::Open(leveldb::Options const&, std::__cxx11::basic_string<char, std::char_traits<char>, std::allocator<char> > const&, leveldb::DB**) (in /home/minedec/myleveldb/leveldbtest)
==165==    by 0x10F455: main (leveldb_test.cpp:14)
==165== 
==165== Conditional jump or move depends on uninitialised value(s)
==165==    at 0x4B5386E: __pthread_mutex_lock_full (pthread_mutex_lock.c:186)
==165==    by 0x13E0D4: leveldb::ThreadPool::MainFunction(void*) (in /home/minedec/myleveldb/leveldbtest)
==165==    by 0x4B50B42: start_thread (pthread_create.c:442)
==165==    by 0x4BE1BB3: clone (clone.S:100)
==165==  Uninitialised value was created by a heap allocation
==165==    at 0x4849013: operator new(unsigned long) (in /usr/libexec/valgrind/vgpreload_memcheck-amd64-linux.so)
==165==    by 0x118A1B: leveldb::DB::Open(leveldb::Options const&, std::__cxx11::basic_string<char, std::char_traits<char>, std::allocator<char> > const&, leveldb::DB**) (in /home/minedec/myleveldb/leveldbtest)
==165==    by 0x10F455: main (leveldb_test.cpp:14)
==165== 
==165== Conditional jump or move depends on uninitialised value(s)
==165==    at 0x4B5395E: __pthread_mutex_lock_full (pthread_mutex_lock.c:186)
==165==    by 0x13E0D4: leveldb::ThreadPool::MainFunction(void*) (in /home/minedec/myleveldb/leveldbtest)
==165==    by 0x4B50B42: start_thread (pthread_create.c:442)
==165==    by 0x4BE1BB3: clone (clone.S:100)
==165==  Uninitialised value was created by a heap allocation
==165==    at 0x4849013: operator new(unsigned long) (in /usr/libexec/valgrind/vgpreload_memcheck-amd64-linux.so)
==165==    by 0x118A1B: leveldb::DB::Open(leveldb::Options const&, std::__cxx11::basic_string<char, std::char_traits<char>, std::allocator<char> > const&, leveldb::DB**) (in /home/minedec/myleveldb/leveldbtest)
==165==    by 0x10F455: main (leveldb_test.cpp:14)
==165== 
==165== Conditional jump or move depends on uninitialised value(s)
==165==    at 0x4B559E2: __pthread_mutex_unlock_usercnt (pthread_mutex_unlock.c:52)
==165==    by 0x4B4F92D: __pthread_cond_wait_common (pthread_cond_wait.c:419)
==165==    by 0x4B4F92D: pthread_cond_wait@@GLIBC_2.3.2 (pthread_cond_wait.c:627)
==165==    by 0x13E0EA: leveldb::ThreadPool::MainFunction(void*) (in /home/minedec/myleveldb/leveldbtest)
==165==    by 0x4B50B42: start_thread (pthread_create.c:442)
==165==    by 0x4BE1BB3: clone (clone.S:100)
==165==  Uninitialised value was created by a heap allocation
==165==    at 0x4849013: operator new(unsigned long) (in /usr/libexec/valgrind/vgpreload_memcheck-amd64-linux.so)
==165==    by 0x118A1B: leveldb::DB::Open(leveldb::Options const&, std::__cxx11::basic_string<char, std::char_traits<char>, std::allocator<char> > const&, leveldb::DB**) (in /home/minedec/myleveldb/leveldbtest)
==165==    by 0x10F455: main (leveldb_test.cpp:14)
==165== 
==165== Conditional jump or move depends on uninitialised value(s)
==165==    at 0x4B5554E: __pthread_mutex_unlock_full (pthread_mutex_unlock.c:114)
==165==    by 0x4B4F92D: __pthread_cond_wait_common (pthread_cond_wait.c:419)
==165==    by 0x4B4F92D: pthread_cond_wait@@GLIBC_2.3.2 (pthread_cond_wait.c:627)
==165==    by 0x13E0EA: leveldb::ThreadPool::MainFunction(void*) (in /home/minedec/myleveldb/leveldbtest)
==165==    by 0x4B50B42: start_thread (pthread_create.c:442)
==165==    by 0x4BE1BB3: clone (clone.S:100)
==165==  Uninitialised value was created by a heap allocation
==165==    at 0x4849013: operator new(unsigned long) (in /usr/libexec/valgrind/vgpreload_memcheck-amd64-linux.so)
==165==    by 0x118A1B: leveldb::DB::Open(leveldb::Options const&, std::__cxx11::basic_string<char, std::char_traits<char>, std::allocator<char> > const&, leveldb::DB**) (in /home/minedec/myleveldb/leveldbtest)
==165==    by 0x10F455: main (leveldb_test.cpp:14)
==165== 
==165== Conditional jump or move depends on uninitialised value(s)
==165==    at 0x4B55553: __pthread_mutex_unlock_full (pthread_mutex_unlock.c:114)
==165==    by 0x4B4F92D: __pthread_cond_wait_common (pthread_cond_wait.c:419)
==165==    by 0x4B4F92D: pthread_cond_wait@@GLIBC_2.3.2 (pthread_cond_wait.c:627)
==165==    by 0x13E0EA: leveldb::ThreadPool::MainFunction(void*) (in /home/minedec/myleveldb/leveldbtest)
==165==    by 0x4B50B42: start_thread (pthread_create.c:442)
==165==    by 0x4BE1BB3: clone (clone.S:100)
==165==  Uninitialised value was created by a heap allocation
==165==    at 0x4849013: operator new(unsigned long) (in /usr/libexec/valgrind/vgpreload_memcheck-amd64-linux.so)
==165==    by 0x118A1B: leveldb::DB::Open(leveldb::Options const&, std::__cxx11::basic_string<char, std::char_traits<char>, std::allocator<char> > const&, leveldb::DB**) (in /home/minedec/myleveldb/leveldbtest)
==165==    by 0x10F455: main (leveldb_test.cpp:14)
==165== 
==165== Conditional jump or move depends on uninitialised value(s)
==165==    at 0x4B5555C: __pthread_mutex_unlock_full (pthread_mutex_unlock.c:114)
==165==    by 0x4B4F92D: __pthread_cond_wait_common (pthread_cond_wait.c:419)
==165==    by 0x4B4F92D: pthread_cond_wait@@GLIBC_2.3.2 (pthread_cond_wait.c:627)
==165==    by 0x13E0EA: leveldb::ThreadPool::MainFunction(void*) (in /home/minedec/myleveldb/leveldbtest)
==165==    by 0x4B50B42: start_thread (pthread_create.c:442)
==165==    by 0x4BE1BB3: clone (clone.S:100)
==165==  Uninitialised value was created by a heap allocation
==165==    at 0x4849013: operator new(unsigned long) (in /usr/libexec/valgrind/vgpreload_memcheck-amd64-linux.so)
==165==    by 0x118A1B: leveldb::DB::Open(leveldb::Options const&, std::__cxx11::basic_string<char, std::char_traits<char>, std::allocator<char> > const&, leveldb::DB**) (in /home/minedec/myleveldb/leveldbtest)
==165==    by 0x10F455: main (leveldb_test.cpp:14)
==165== 
==165== Conditional jump or move depends on uninitialised value(s)
==165==    at 0x4B55562: __pthread_mutex_unlock_full (pthread_mutex_unlock.c:114)
==165==    by 0x4B4F92D: __pthread_cond_wait_common (pthread_cond_wait.c:419)
==165==    by 0x4B4F92D: pthread_cond_wait@@GLIBC_2.3.2 (pthread_cond_wait.c:627)
==165==    by 0x13E0EA: leveldb::ThreadPool::MainFunction(void*) (in /home/minedec/myleveldb/leveldbtest)
==165==    by 0x4B50B42: start_thread (pthread_create.c:442)
==165==    by 0x4BE1BB3: clone (clone.S:100)
==165==  Uninitialised value was created by a heap allocation
==165==    at 0x4849013: operator new(unsigned long) (in /usr/libexec/valgrind/vgpreload_memcheck-amd64-linux.so)
==165==    by 0x118A1B: leveldb::DB::Open(leveldb::Options const&, std::__cxx11::basic_string<char, std::char_traits<char>, std::allocator<char> > const&, leveldb::DB**) (in /home/minedec/myleveldb/leveldbtest)
==165==    by 0x10F455: main (leveldb_test.cpp:14)
==165== 
==165== Conditional jump or move depends on uninitialised value(s)
==165==    at 0x4B5556E: __pthread_mutex_unlock_full (pthread_mutex_unlock.c:114)
==165==    by 0x4B4F92D: __pthread_cond_wait_common (pthread_cond_wait.c:419)
==165==    by 0x4B4F92D: pthread_cond_wait@@GLIBC_2.3.2 (pthread_cond_wait.c:627)
==165==    by 0x13E0EA: leveldb::ThreadPool::MainFunction(void*) (in /home/minedec/myleveldb/leveldbtest)
==165==    by 0x4B50B42: start_thread (pthread_create.c:442)
==165==    by 0x4BE1BB3: clone (clone.S:100)
==165==  Uninitialised value was created by a heap allocation
==165==    at 0x4849013: operator new(unsigned long) (in /usr/libexec/valgrind/vgpreload_memcheck-amd64-linux.so)
==165==    by 0x118A1B: leveldb::DB::Open(leveldb::Options const&, std::__cxx11::basic_string<char, std::char_traits<char>, std::allocator<char> > const&, leveldb::DB**) (in /home/minedec/myleveldb/leveldbtest)
==165==    by 0x10F455: main (leveldb_test.cpp:14)
==165== 
==165== 
==165== More than 10000000 total errors detected.  I'm not reporting any more.
==165== Final error counts will be inaccurate.  Go fix your program!
==165== Rerun with --error-limit=no to disable this cutoff.  Note
==165== that errors may occur in your program without prior warning from
==165== Valgrind, because errors are no longer being displayed.
==165== 
==165== 
==165== HEAP SUMMARY:
==165==     in use at exit: 7,104 bytes in 40 blocks
==165==   total heap usage: 1,723 allocs, 1,683 frees, 2,507,413 bytes allocated
==165== 
==165== Searching for pointers to 40 not-freed blocks
==165== Checked 8,541,264 bytes
==165== 
==165== Thread 1:
==165== 8 bytes in 1 blocks are still reachable in loss record 1 of 16
==165==    at 0x4849013: operator new(unsigned long) (in /usr/libexec/valgrind/vgpreload_memcheck-amd64-linux.so)
==165==    by 0x14110E: std::vector<bool, std::allocator<bool> >::_M_fill_insert(std::_Bit_iterator, unsigned long, bool) [clone .isra.0] (in /home/minedec/myleveldb/leveldbtest)
==165==    by 0x1431B7: leveldb::Env::Default() (in /home/minedec/myleveldb/leveldbtest)
==165==    by 0x13DBCE: leveldb::Options::Options() (in /home/minedec/myleveldb/leveldbtest)
==165==    by 0x10F3C8: main (leveldb_test.cpp:10)
==165== 
==165== 8 bytes in 1 blocks are still reachable in loss record 2 of 16
==165==    at 0x4849013: operator new(unsigned long) (in /usr/libexec/valgrind/vgpreload_memcheck-amd64-linux.so)
==165==    by 0x13E96D: void std::vector<unsigned long, std::allocator<unsigned long> >::_M_realloc_insert<unsigned long&>(__gnu_cxx::__normal_iterator<unsigned long*, std::vector<unsigned long, std::allocator<unsigned long> > >, unsigned long&) (in /home/minedec/myleveldb/leveldbtest)
==165==    by 0x13E84D: leveldb::ThreadPool::ThreadPool(int) (in /home/minedec/myleveldb/leveldbtest)
==165==    by 0x118A2B: leveldb::DB::Open(leveldb::Options const&, std::__cxx11::basic_string<char, std::char_traits<char>, std::allocator<char> > const&, leveldb::DB**) (in /home/minedec/myleveldb/leveldbtest)
==165==    by 0x10F455: main (leveldb_test.cpp:14)
==165== 
==165== 24 bytes in 1 blocks are definitely lost in loss record 3 of 16
==165==    at 0x484DCD3: realloc (in /usr/libexec/valgrind/vgpreload_memcheck-amd64-linux.so)
==165==    by 0x4BD196C: getcwd (getcwd.c:86)
==165==    by 0x10F3ED: main (leveldb_test.cpp:12)
==165== 
==165== 64 bytes in 1 blocks are still reachable in loss record 4 of 16
==165==    at 0x4849013: operator new(unsigned long) (in /usr/libexec/valgrind/vgpreload_memcheck-amd64-linux.so)
==165==    by 0x142E69: leveldb::Env::Default() (in /home/minedec/myleveldb/leveldbtest)
==165==    by 0x13DBCE: leveldb::Options::Options() (in /home/minedec/myleveldb/leveldbtest)
==165==    by 0x10F3C8: main (leveldb_test.cpp:10)
==165== 
==165== 64 bytes in 1 blocks are still reachable in loss record 5 of 16
==165==    at 0x4849013: operator new(unsigned long) (in /usr/libexec/valgrind/vgpreload_memcheck-amd64-linux.so)
==165==    by 0x1441DD: void std::vector<leveldb::port::Mutex*, std::allocator<leveldb::port::Mutex*> >::_M_realloc_insert<leveldb::port::Mutex*>(__gnu_cxx::__normal_iterator<leveldb::port::Mutex**, std::vector<leveldb::port::Mutex*, std::allocator<leveldb::port::Mutex*> > >, leveldb::port::Mutex*&&) (in /home/minedec/myleveldb/leveldbtest)
==165==    by 0x143190: leveldb::Env::Default() (in /home/minedec/myleveldb/leveldbtest)
==165==    by 0x13DBCE: leveldb::Options::Options() (in /home/minedec/myleveldb/leveldbtest)
==165==    by 0x10F3C8: main (leveldb_test.cpp:10)
==165== 
==165== 64 bytes in 1 blocks are still reachable in loss record 6 of 16
==165==    at 0x4849013: operator new(unsigned long) (in /usr/libexec/valgrind/vgpreload_memcheck-amd64-linux.so)
==165==    by 0x14432D: void std::vector<leveldb::port::CondVar*, std::allocator<leveldb::port::CondVar*> >::_M_realloc_insert<leveldb::port::CondVar*>(__gnu_cxx::__normal_iterator<leveldb::port::CondVar**, std::vector<leveldb::port::CondVar*, std::allocator<leveldb::port::CondVar*> > >, leveldb::port::CondVar*&&) (in /home/minedec/myleveldb/leveldbtest)
==165==    by 0x1431D4: leveldb::Env::Default() (in /home/minedec/myleveldb/leveldbtest)
==165==    by 0x13DBCE: leveldb::Options::Options() (in /home/minedec/myleveldb/leveldbtest)
==165==    by 0x10F3C8: main (leveldb_test.cpp:10)
==165== 
==165== 64 bytes in 1 blocks are still reachable in loss record 7 of 16
==165==    at 0x4849013: operator new(unsigned long) (in /usr/libexec/valgrind/vgpreload_memcheck-amd64-linux.so)
==165==    by 0x13E784: leveldb::ThreadPool::ThreadPool(int) (in /home/minedec/myleveldb/leveldbtest)
==165==    by 0x118A2B: leveldb::DB::Open(leveldb::Options const&, std::__cxx11::basic_string<char, std::char_traits<char>, std::allocator<char> > const&, leveldb::DB**) (in /home/minedec/myleveldb/leveldbtest)
==165==    by 0x10F455: main (leveldb_test.cpp:14)
==165== 
==165== 216 bytes in 1 blocks are still reachable in loss record 8 of 16
==165==    at 0x4849013: operator new(unsigned long) (in /usr/libexec/valgrind/vgpreload_memcheck-amd64-linux.so)
==165==    by 0x118A1B: leveldb::DB::Open(leveldb::Options const&, std::__cxx11::basic_string<char, std::char_traits<char>, std::allocator<char> > const&, leveldb::DB**) (in /home/minedec/myleveldb/leveldbtest)
==165==    by 0x10F455: main (leveldb_test.cpp:14)
==165== 
==165== 280 bytes in 7 blocks are still reachable in loss record 9 of 16
==165==    at 0x4849013: operator new(unsigned long) (in /usr/libexec/valgrind/vgpreload_memcheck-amd64-linux.so)
==165==    by 0x142FB9: leveldb::Env::Default() (in /home/minedec/myleveldb/leveldbtest)
==165==    by 0x13DBCE: leveldb::Options::Options() (in /home/minedec/myleveldb/leveldbtest)
==165==    by 0x10F3C8: main (leveldb_test.cpp:10)
==165== 
==165== 304 bytes in 1 blocks are possibly lost in loss record 10 of 16
==165==    at 0x484DA83: calloc (in /usr/libexec/valgrind/vgpreload_memcheck-amd64-linux.so)
==165==    by 0x40147D9: calloc (rtld-malloc.h:44)
==165==    by 0x40147D9: allocate_dtv (dl-tls.c:375)
==165==    by 0x40147D9: _dl_allocate_tls (dl-tls.c:634)
==165==    by 0x4B51834: allocate_stack (allocatestack.c:430)
==165==    by 0x4B51834: pthread_create@@GLIBC_2.34 (pthread_create.c:647)
==165==    by 0x13E278: leveldb::ThreadPool::start() (in /home/minedec/myleveldb/leveldbtest)
==165==    by 0x118A3E: leveldb::DB::Open(leveldb::Options const&, std::__cxx11::basic_string<char, std::char_traits<char>, std::allocator<char> > const&, leveldb::DB**) (in /home/minedec/myleveldb/leveldbtest)
==165==    by 0x10F455: main (leveldb_test.cpp:14)
==165== 
==165== 392 bytes in 7 blocks are still reachable in loss record 11 of 16
==165==    at 0x4849013: operator new(unsigned long) (in /usr/libexec/valgrind/vgpreload_memcheck-amd64-linux.so)
==165==    by 0x143024: leveldb::Env::Default() (in /home/minedec/myleveldb/leveldbtest)
==165==    by 0x13DBCE: leveldb::Options::Options() (in /home/minedec/myleveldb/leveldbtest)
==165==    by 0x10F3C8: main (leveldb_test.cpp:10)
==165== 
==165== 448 bytes in 7 blocks are still reachable in loss record 12 of 16
==165==    at 0x4849013: operator new(unsigned long) (in /usr/libexec/valgrind/vgpreload_memcheck-amd64-linux.so)
==165==    by 0x1400A4: std::vector<std::queue<leveldb::(anonymous namespace)::PosixEnv::BackgroundWorkItem, std::deque<leveldb::(anonymous namespace)::PosixEnv::BackgroundWorkItem, std::allocator<leveldb::(anonymous namespace)::PosixEnv::BackgroundWorkItem> > >, std::allocator<std::queue<leveldb::(anonymous namespace)::PosixEnv::BackgroundWorkItem, std::deque<leveldb::(anonymous namespace)::PosixEnv::BackgroundWorkItem, std::allocator<leveldb::(anonymous namespace)::PosixEnv::BackgroundWorkItem> > > > >::_M_default_append(unsigned long) [clone .constprop.0] (in /home/minedec/myleveldb/leveldbtest)
==165==    by 0x14323A: leveldb::Env::Default() (in /home/minedec/myleveldb/leveldbtest)
==165==    by 0x13DBCE: leveldb::Options::Options() (in /home/minedec/myleveldb/leveldbtest)
==165==    by 0x10F3C8: main (leveldb_test.cpp:10)
==165== 
==165== 512 bytes in 1 blocks are still reachable in loss record 13 of 16
==165==    at 0x4849013: operator new(unsigned long) (in /usr/libexec/valgrind/vgpreload_memcheck-amd64-linux.so)
==165==    by 0x142E91: leveldb::Env::Default() (in /home/minedec/myleveldb/leveldbtest)
==165==    by 0x13DBCE: leveldb::Options::Options() (in /home/minedec/myleveldb/leveldbtest)
==165==    by 0x10F3C8: main (leveldb_test.cpp:10)
==165== 
==165== 512 bytes in 1 blocks are still reachable in loss record 14 of 16
==165==    at 0x4849013: operator new(unsigned long) (in /usr/libexec/valgrind/vgpreload_memcheck-amd64-linux.so)
==165==    by 0x13E7A6: leveldb::ThreadPool::ThreadPool(int) (in /home/minedec/myleveldb/leveldbtest)
==165==    by 0x118A2B: leveldb::DB::Open(leveldb::Options const&, std::__cxx11::basic_string<char, std::char_traits<char>, std::allocator<char> > const&, leveldb::DB**) (in /home/minedec/myleveldb/leveldbtest)
==165==    by 0x10F455: main (leveldb_test.cpp:14)
==165== 
==165== 560 bytes in 1 blocks are still reachable in loss record 15 of 16
==165==    at 0x4849013: operator new(unsigned long) (in /usr/libexec/valgrind/vgpreload_memcheck-amd64-linux.so)
==165==    by 0x1404BD: std::vector<std::queue<leveldb::(anonymous namespace)::PosixEnv::BackgroundWorkItem, std::deque<leveldb::(anonymous namespace)::PosixEnv::BackgroundWorkItem, std::allocator<leveldb::(anonymous namespace)::PosixEnv::BackgroundWorkItem> > >, std::allocator<std::queue<leveldb::(anonymous namespace)::PosixEnv::BackgroundWorkItem, std::deque<leveldb::(anonymous namespace)::PosixEnv::BackgroundWorkItem, std::allocator<leveldb::(anonymous namespace)::PosixEnv::BackgroundWorkItem> > > > >::_M_default_append(unsigned long) [clone .constprop.0] (in /home/minedec/myleveldb/leveldbtest)
==165==    by 0x14323A: leveldb::Env::Default() (in /home/minedec/myleveldb/leveldbtest)
==165==    by 0x13DBCE: leveldb::Options::Options() (in /home/minedec/myleveldb/leveldbtest)
==165==    by 0x10F3C8: main (leveldb_test.cpp:10)
==165== 
==165== 3,584 bytes in 7 blocks are still reachable in loss record 16 of 16
==165==    at 0x4849013: operator new(unsigned long) (in /usr/libexec/valgrind/vgpreload_memcheck-amd64-linux.so)
==165==    by 0x1400C8: std::vector<std::queue<leveldb::(anonymous namespace)::PosixEnv::BackgroundWorkItem, std::deque<leveldb::(anonymous namespace)::PosixEnv::BackgroundWorkItem, std::allocator<leveldb::(anonymous namespace)::PosixEnv::BackgroundWorkItem> > >, std::allocator<std::queue<leveldb::(anonymous namespace)::PosixEnv::BackgroundWorkItem, std::deque<leveldb::(anonymous namespace)::PosixEnv::BackgroundWorkItem, std::allocator<leveldb::(anonymous namespace)::PosixEnv::BackgroundWorkItem> > > > >::_M_default_append(unsigned long) [clone .constprop.0] (in /home/minedec/myleveldb/leveldbtest)
==165==    by 0x14323A: leveldb::Env::Default() (in /home/minedec/myleveldb/leveldbtest)
==165==    by 0x13DBCE: leveldb::Options::Options() (in /home/minedec/myleveldb/leveldbtest)
==165==    by 0x10F3C8: main (leveldb_test.cpp:10)
==165== 
==165== LEAK SUMMARY:
==165==    definitely lost: 24 bytes in 1 blocks
==165==    indirectly lost: 0 bytes in 0 blocks
==165==      possibly lost: 304 bytes in 1 blocks
==165==    still reachable: 6,776 bytes in 38 blocks
==165==         suppressed: 0 bytes in 0 blocks
==165== 
==165== ERROR SUMMARY: 10000002 errors from 13 contexts (suppressed: 0 from 0)
==165== 
==165== 1 errors in context 1 of 13:
==165== Thread 2:
==165== Conditional jump or move depends on uninitialised value(s)
==165==    at 0x4B5395E: __pthread_mutex_lock_full (pthread_mutex_lock.c:186)
==165==    by 0x13E0D4: leveldb::ThreadPool::MainFunction(void*) (in /home/minedec/myleveldb/leveldbtest)
==165==    by 0x4B50B42: start_thread (pthread_create.c:442)
==165==    by 0x4BE1BB3: clone (clone.S:100)
==165==  Uninitialised value was created by a heap allocation
==165==    at 0x4849013: operator new(unsigned long) (in /usr/libexec/valgrind/vgpreload_memcheck-amd64-linux.so)
==165==    by 0x118A1B: leveldb::DB::Open(leveldb::Options const&, std::__cxx11::basic_string<char, std::char_traits<char>, std::allocator<char> > const&, leveldb::DB**) (in /home/minedec/myleveldb/leveldbtest)
==165==    by 0x10F455: main (leveldb_test.cpp:14)
==165== 
==165== 
==165== 1 errors in context 2 of 13:
==165== Conditional jump or move depends on uninitialised value(s)
==165==    at 0x4B5386E: __pthread_mutex_lock_full (pthread_mutex_lock.c:186)
==165==    by 0x13E0D4: leveldb::ThreadPool::MainFunction(void*) (in /home/minedec/myleveldb/leveldbtest)
==165==    by 0x4B50B42: start_thread (pthread_create.c:442)
==165==    by 0x4BE1BB3: clone (clone.S:100)
==165==  Uninitialised value was created by a heap allocation
==165==    at 0x4849013: operator new(unsigned long) (in /usr/libexec/valgrind/vgpreload_memcheck-amd64-linux.so)
==165==    by 0x118A1B: leveldb::DB::Open(leveldb::Options const&, std::__cxx11::basic_string<char, std::char_traits<char>, std::allocator<char> > const&, leveldb::DB**) (in /home/minedec/myleveldb/leveldbtest)
==165==    by 0x10F455: main (leveldb_test.cpp:14)
==165== 
==165== 
==165== 1 errors in context 3 of 13:
==165== Conditional jump or move depends on uninitialised value(s)
==165==    at 0x4B53865: __pthread_mutex_lock_full (pthread_mutex_lock.c:186)
==165==    by 0x13E0D4: leveldb::ThreadPool::MainFunction(void*) (in /home/minedec/myleveldb/leveldbtest)
==165==    by 0x4B50B42: start_thread (pthread_create.c:442)
==165==    by 0x4BE1BB3: clone (clone.S:100)
==165==  Uninitialised value was created by a heap allocation
==165==    at 0x4849013: operator new(unsigned long) (in /usr/libexec/valgrind/vgpreload_memcheck-amd64-linux.so)
==165==    by 0x118A1B: leveldb::DB::Open(leveldb::Options const&, std::__cxx11::basic_string<char, std::char_traits<char>, std::allocator<char> > const&, leveldb::DB**) (in /home/minedec/myleveldb/leveldbtest)
==165==    by 0x10F455: main (leveldb_test.cpp:14)
==165== 
==165== 
==165== 1 errors in context 4 of 13:
==165== Conditional jump or move depends on uninitialised value(s)
==165==    at 0x4B5385C: __pthread_mutex_lock_full (pthread_mutex_lock.c:186)
==165==    by 0x13E0D4: leveldb::ThreadPool::MainFunction(void*) (in /home/minedec/myleveldb/leveldbtest)
==165==    by 0x4B50B42: start_thread (pthread_create.c:442)
==165==    by 0x4BE1BB3: clone (clone.S:100)
==165==  Uninitialised value was created by a heap allocation
==165==    at 0x4849013: operator new(unsigned long) (in /usr/libexec/valgrind/vgpreload_memcheck-amd64-linux.so)
==165==    by 0x118A1B: leveldb::DB::Open(leveldb::Options const&, std::__cxx11::basic_string<char, std::char_traits<char>, std::allocator<char> > const&, leveldb::DB**) (in /home/minedec/myleveldb/leveldbtest)
==165==    by 0x10F455: main (leveldb_test.cpp:14)
==165== 
==165== 
==165== 1 errors in context 5 of 13:
==165== Conditional jump or move depends on uninitialised value(s)
==165==    at 0x4B53F83: pthread_mutex_lock@@GLIBC_2.2.5 (pthread_mutex_lock.c:84)
==165==    by 0x13E0D4: leveldb::ThreadPool::MainFunction(void*) (in /home/minedec/myleveldb/leveldbtest)
==165==    by 0x4B50B42: start_thread (pthread_create.c:442)
==165==    by 0x4BE1BB3: clone (clone.S:100)
==165==  Uninitialised value was created by a heap allocation
==165==    at 0x4849013: operator new(unsigned long) (in /usr/libexec/valgrind/vgpreload_memcheck-amd64-linux.so)
==165==    by 0x118A1B: leveldb::DB::Open(leveldb::Options const&, std::__cxx11::basic_string<char, std::char_traits<char>, std::allocator<char> > const&, leveldb::DB**) (in /home/minedec/myleveldb/leveldbtest)
==165==    by 0x10F455: main (leveldb_test.cpp:14)
==165== 
==165== 
==165== 1666665 errors in context 6 of 13:
==165== Conditional jump or move depends on uninitialised value(s)
==165==    at 0x4B5556E: __pthread_mutex_unlock_full (pthread_mutex_unlock.c:114)
==165==    by 0x4B4F92D: __pthread_cond_wait_common (pthread_cond_wait.c:419)
==165==    by 0x4B4F92D: pthread_cond_wait@@GLIBC_2.3.2 (pthread_cond_wait.c:627)
==165==    by 0x13E0EA: leveldb::ThreadPool::MainFunction(void*) (in /home/minedec/myleveldb/leveldbtest)
==165==    by 0x4B50B42: start_thread (pthread_create.c:442)
==165==    by 0x4BE1BB3: clone (clone.S:100)
==165==  Uninitialised value was created by a heap allocation
==165==    at 0x4849013: operator new(unsigned long) (in /usr/libexec/valgrind/vgpreload_memcheck-amd64-linux.so)
==165==    by 0x118A1B: leveldb::DB::Open(leveldb::Options const&, std::__cxx11::basic_string<char, std::char_traits<char>, std::allocator<char> > const&, leveldb::DB**) (in /home/minedec/myleveldb/leveldbtest)
==165==    by 0x10F455: main (leveldb_test.cpp:14)
==165== 
==165== 
==165== 1666666 errors in context 7 of 13:
==165== Conditional jump or move depends on uninitialised value(s)
==165==    at 0x4B55562: __pthread_mutex_unlock_full (pthread_mutex_unlock.c:114)
==165==    by 0x4B4F92D: __pthread_cond_wait_common (pthread_cond_wait.c:419)
==165==    by 0x4B4F92D: pthread_cond_wait@@GLIBC_2.3.2 (pthread_cond_wait.c:627)
==165==    by 0x13E0EA: leveldb::ThreadPool::MainFunction(void*) (in /home/minedec/myleveldb/leveldbtest)
==165==    by 0x4B50B42: start_thread (pthread_create.c:442)
==165==    by 0x4BE1BB3: clone (clone.S:100)
==165==  Uninitialised value was created by a heap allocation
==165==    at 0x4849013: operator new(unsigned long) (in /usr/libexec/valgrind/vgpreload_memcheck-amd64-linux.so)
==165==    by 0x118A1B: leveldb::DB::Open(leveldb::Options const&, std::__cxx11::basic_string<char, std::char_traits<char>, std::allocator<char> > const&, leveldb::DB**) (in /home/minedec/myleveldb/leveldbtest)
==165==    by 0x10F455: main (leveldb_test.cpp:14)
==165== 
==165== 
==165== 1666666 errors in context 8 of 13:
==165== Conditional jump or move depends on uninitialised value(s)
==165==    at 0x4B5555C: __pthread_mutex_unlock_full (pthread_mutex_unlock.c:114)
==165==    by 0x4B4F92D: __pthread_cond_wait_common (pthread_cond_wait.c:419)
==165==    by 0x4B4F92D: pthread_cond_wait@@GLIBC_2.3.2 (pthread_cond_wait.c:627)
==165==    by 0x13E0EA: leveldb::ThreadPool::MainFunction(void*) (in /home/minedec/myleveldb/leveldbtest)
==165==    by 0x4B50B42: start_thread (pthread_create.c:442)
==165==    by 0x4BE1BB3: clone (clone.S:100)
==165==  Uninitialised value was created by a heap allocation
==165==    at 0x4849013: operator new(unsigned long) (in /usr/libexec/valgrind/vgpreload_memcheck-amd64-linux.so)
==165==    by 0x118A1B: leveldb::DB::Open(leveldb::Options const&, std::__cxx11::basic_string<char, std::char_traits<char>, std::allocator<char> > const&, leveldb::DB**) (in /home/minedec/myleveldb/leveldbtest)
==165==    by 0x10F455: main (leveldb_test.cpp:14)
==165== 
==165== 
==165== 1666666 errors in context 9 of 13:
==165== Conditional jump or move depends on uninitialised value(s)
==165==    at 0x4B55553: __pthread_mutex_unlock_full (pthread_mutex_unlock.c:114)
==165==    by 0x4B4F92D: __pthread_cond_wait_common (pthread_cond_wait.c:419)
==165==    by 0x4B4F92D: pthread_cond_wait@@GLIBC_2.3.2 (pthread_cond_wait.c:627)
==165==    by 0x13E0EA: leveldb::ThreadPool::MainFunction(void*) (in /home/minedec/myleveldb/leveldbtest)
==165==    by 0x4B50B42: start_thread (pthread_create.c:442)
==165==    by 0x4BE1BB3: clone (clone.S:100)
==165==  Uninitialised value was created by a heap allocation
==165==    at 0x4849013: operator new(unsigned long) (in /usr/libexec/valgrind/vgpreload_memcheck-amd64-linux.so)
==165==    by 0x118A1B: leveldb::DB::Open(leveldb::Options const&, std::__cxx11::basic_string<char, std::char_traits<char>, std::allocator<char> > const&, leveldb::DB**) (in /home/minedec/myleveldb/leveldbtest)
==165==    by 0x10F455: main (leveldb_test.cpp:14)
==165== 
==165== 
==165== 1666666 errors in context 10 of 13:
==165== Conditional jump or move depends on uninitialised value(s)
==165==    at 0x4B5554E: __pthread_mutex_unlock_full (pthread_mutex_unlock.c:114)
==165==    by 0x4B4F92D: __pthread_cond_wait_common (pthread_cond_wait.c:419)
==165==    by 0x4B4F92D: pthread_cond_wait@@GLIBC_2.3.2 (pthread_cond_wait.c:627)
==165==    by 0x13E0EA: leveldb::ThreadPool::MainFunction(void*) (in /home/minedec/myleveldb/leveldbtest)
==165==    by 0x4B50B42: start_thread (pthread_create.c:442)
==165==    by 0x4BE1BB3: clone (clone.S:100)
==165==  Uninitialised value was created by a heap allocation
==165==    at 0x4849013: operator new(unsigned long) (in /usr/libexec/valgrind/vgpreload_memcheck-amd64-linux.so)
==165==    by 0x118A1B: leveldb::DB::Open(leveldb::Options const&, std::__cxx11::basic_string<char, std::char_traits<char>, std::allocator<char> > const&, leveldb::DB**) (in /home/minedec/myleveldb/leveldbtest)
==165==    by 0x10F455: main (leveldb_test.cpp:14)
==165== 
==165== 
==165== 1666666 errors in context 11 of 13:
==165== Conditional jump or move depends on uninitialised value(s)
==165==    at 0x4B559E2: __pthread_mutex_unlock_usercnt (pthread_mutex_unlock.c:52)
==165==    by 0x4B4F92D: __pthread_cond_wait_common (pthread_cond_wait.c:419)
==165==    by 0x4B4F92D: pthread_cond_wait@@GLIBC_2.3.2 (pthread_cond_wait.c:627)
==165==    by 0x13E0EA: leveldb::ThreadPool::MainFunction(void*) (in /home/minedec/myleveldb/leveldbtest)
==165==    by 0x4B50B42: start_thread (pthread_create.c:442)
==165==    by 0x4BE1BB3: clone (clone.S:100)
==165==  Uninitialised value was created by a heap allocation
==165==    at 0x4849013: operator new(unsigned long) (in /usr/libexec/valgrind/vgpreload_memcheck-amd64-linux.so)
==165==    by 0x118A1B: leveldb::DB::Open(leveldb::Options const&, std::__cxx11::basic_string<char, std::char_traits<char>, std::allocator<char> > const&, leveldb::DB**) (in /home/minedec/myleveldb/leveldbtest)
==165==    by 0x10F455: main (leveldb_test.cpp:14)
==165== 
==165== ERROR SUMMARY: 10000002 errors from 13 contexts (suppressed: 0 from 0)
